**********************
PowerShell transcript start
Start time: 20250831093945
Username: DESKTOP-D6G9TM0\hiroy
RunAs User: DESKTOP-D6G9TM0\hiroy
Configuration Name: 
Machine: DESKTOP-D6G9TM0 (Microsoft Windows NT 10.0.26100.0)
Host Application: C:\Program Files\PowerShell\7\pwsh.dll -WorkingDirectory ~
Process ID: 9064
PSVersion: 7.5.2
PSEdition: Core
GitCommitId: 7.5.2
OS: Microsoft Windows 10.0.26100
Platform: Win32NT
PSCompatibleVersions: 1.0, 2.0, 3.0, 4.0, 5.0, 5.1, 6.0, 7.0
PSRemotingProtocolVersion: 2.3
SerializationVersion: 1.1.0.1
WSManStackVersion: 3.0
**********************
 ### 詳詳細細
-テテンンププレレのの微微修修正正とと索索引引更更新新。。
+docs/introtemplate.md をを常常にに上上書書きき。。

 ## 変変更更履履歴歴（（概概要要））
-- v013（（2025-08-31））: v013: 本本番番反反映映
+- v014（（2025-08-31））: vXXX: 紹紹介介テテンンププレレ自自動動生生成成をを確確認認
**********************
PowerShell transcript end
End time: 20250831093945
**********************
